c:\users\mitsu_91\desktop\gc1 action\gameproject\debug\vc140.pdb
c:\users\mitsu_91\desktop\gc1 action\gameproject\debug\vc140.idb
c:\users\mitsu_91\desktop\gc1 action\gameproject\debug\cbase.obj
c:\users\mitsu_91\desktop\gc1 action\gameproject\debug\cbullet.obj
c:\users\mitsu_91\desktop\gc1 action\gameproject\debug\cenemy.obj
c:\users\mitsu_91\desktop\gc1 action\gameproject\debug\cmap.obj
c:\users\mitsu_91\desktop\gc1 action\gameproject\debug\cplayer.obj
c:\users\mitsu_91\desktop\gc1 action\gameproject\debug\imageresource.obj
c:\users\mitsu_91\desktop\gc1 action\gameproject\debug\main.obj
c:\users\mitsu_91\desktop\gc1 action\gameproject\debug\ceffect.obj
c:\users\mitsu_91\desktop\gc1 action\debug\gameproject.lib
c:\users\mitsu_91\desktop\gc1 action\debug\gameproject.exp
c:\users\mitsu_91\desktop\gc1 action\debug\gameproject.pdb
c:\users\mitsu_91\desktop\gc1 action\gameproject\debug\gameproject.tlog\cl.command.1.tlog
c:\users\mitsu_91\desktop\gc1 action\gameproject\debug\gameproject.tlog\cl.read.1.tlog
c:\users\mitsu_91\desktop\gc1 action\gameproject\debug\gameproject.tlog\cl.write.1.tlog
c:\users\mitsu_91\desktop\gc1 action\gameproject\debug\gameproject.tlog\gameproject.write.1u.tlog
c:\users\mitsu_91\desktop\gc1 action\gameproject\debug\gameproject.tlog\link.1760.read.1.tlog
c:\users\mitsu_91\desktop\gc1 action\gameproject\debug\gameproject.tlog\link.1760.write.1.tlog
c:\users\mitsu_91\desktop\gc1 action\gameproject\debug\gameproject.tlog\link.command.1.tlog
c:\users\mitsu_91\desktop\gc1 action\gameproject\debug\gameproject.tlog\link.read.1.tlog
c:\users\mitsu_91\desktop\gc1 action\gameproject\debug\gameproject.tlog\link.write.1.tlog
