  main.cpp
  CPlayer.cpp
  CBase.cpp
  Generating Code...
LINK : warning LNK4031: no subsystem specified; CONSOLE assumed
  GLFW.lib(init.obj) : MSIL .netmodule or module compiled with /GL found; restarting link with /LTCG; add /LTCG to the link command line to improve linker performance
LINK : warning LNK4075: ignoring '/INCREMENTAL' due to '/LTCG' specification
CBase.obj : warning LNK4075: ignoring '/EDITANDCONTINUE' due to '/OPT:LBR' specification
LINK : warning LNK4031: no subsystem specified; CONSOLE assumed
     Creating library C:\Users\OC\Desktop\20180301~0325\GameProject\Hiroshima\Sample\Debug\GameProject.lib and object C:\Users\OC\Desktop\20180301~0325\GameProject\Hiroshima\Sample\Debug\GameProject.exp
LINK : warning LNK4098: defaultlib 'LIBCMT' conflicts with use of other libs; use /NODEFAULTLIB:library
  Generating code
  Finished generating code
GLFW.lib(init.obj) : warning LNK4099: PDB 'GLFW.pdb' was not found with 'GLFW.lib(init.obj)' or at 'C:\Users\OC\Desktop\20180301~0325\GameProject\Hiroshima\Sample\Debug\GLFW.pdb'; linking object as if no debug info
GLFW.lib(window.obj) : warning LNK4099: PDB 'GLFW.pdb' was not found with 'GLFW.lib(window.obj)' or at 'C:\Users\OC\Desktop\20180301~0325\GameProject\Hiroshima\Sample\Debug\GLFW.pdb'; linking object as if no debug info
GLFW.lib(input.obj) : warning LNK4099: PDB 'GLFW.pdb' was not found with 'GLFW.lib(input.obj)' or at 'C:\Users\OC\Desktop\20180301~0325\GameProject\Hiroshima\Sample\Debug\GLFW.pdb'; linking object as if no debug info
GLFW.lib(context.obj) : warning LNK4099: PDB 'GLFW.pdb' was not found with 'GLFW.lib(context.obj)' or at 'C:\Users\OC\Desktop\20180301~0325\GameProject\Hiroshima\Sample\Debug\GLFW.pdb'; linking object as if no debug info
GLFW.lib(monitor.obj) : warning LNK4099: PDB 'GLFW.pdb' was not found with 'GLFW.lib(monitor.obj)' or at 'C:\Users\OC\Desktop\20180301~0325\GameProject\Hiroshima\Sample\Debug\GLFW.pdb'; linking object as if no debug info
GLFW.lib(win32_init.obj) : warning LNK4099: PDB 'GLFW.pdb' was not found with 'GLFW.lib(win32_init.obj)' or at 'C:\Users\OC\Desktop\20180301~0325\GameProject\Hiroshima\Sample\Debug\GLFW.pdb'; linking object as if no debug info
GLFW.lib(win32_monitor.obj) : warning LNK4099: PDB 'GLFW.pdb' was not found with 'GLFW.lib(win32_monitor.obj)' or at 'C:\Users\OC\Desktop\20180301~0325\GameProject\Hiroshima\Sample\Debug\GLFW.pdb'; linking object as if no debug info
GLFW.lib(win32_time.obj) : warning LNK4099: PDB 'GLFW.pdb' was not found with 'GLFW.lib(win32_time.obj)' or at 'C:\Users\OC\Desktop\20180301~0325\GameProject\Hiroshima\Sample\Debug\GLFW.pdb'; linking object as if no debug info
GLFW.lib(vulkan.obj) : warning LNK4099: PDB 'GLFW.pdb' was not found with 'GLFW.lib(vulkan.obj)' or at 'C:\Users\OC\Desktop\20180301~0325\GameProject\Hiroshima\Sample\Debug\GLFW.pdb'; linking object as if no debug info
GLFW.lib(win32_window.obj) : warning LNK4099: PDB 'GLFW.pdb' was not found with 'GLFW.lib(win32_window.obj)' or at 'C:\Users\OC\Desktop\20180301~0325\GameProject\Hiroshima\Sample\Debug\GLFW.pdb'; linking object as if no debug info
GLFW.lib(win32_tls.obj) : warning LNK4099: PDB 'GLFW.pdb' was not found with 'GLFW.lib(win32_tls.obj)' or at 'C:\Users\OC\Desktop\20180301~0325\GameProject\Hiroshima\Sample\Debug\GLFW.pdb'; linking object as if no debug info
GLFW.lib(win32_joystick.obj) : warning LNK4099: PDB 'GLFW.pdb' was not found with 'GLFW.lib(win32_joystick.obj)' or at 'C:\Users\OC\Desktop\20180301~0325\GameProject\Hiroshima\Sample\Debug\GLFW.pdb'; linking object as if no debug info
GLFW.lib(wgl_context.obj) : warning LNK4099: PDB 'GLFW.pdb' was not found with 'GLFW.lib(wgl_context.obj)' or at 'C:\Users\OC\Desktop\20180301~0325\GameProject\Hiroshima\Sample\Debug\GLFW.pdb'; linking object as if no debug info
GLFW.lib(egl_context.obj) : warning LNK4099: PDB 'GLFW.pdb' was not found with 'GLFW.lib(egl_context.obj)' or at 'C:\Users\OC\Desktop\20180301~0325\GameProject\Hiroshima\Sample\Debug\GLFW.pdb'; linking object as if no debug info
GLLibrary.lib(glpng.obj) : warning LNK4099: PDB 'glpng.pdb' was not found with 'GLLibrary.lib(glpng.obj)' or at 'C:\Users\OC\Desktop\20180301~0325\GameProject\Hiroshima\Sample\Debug\glpng.pdb'; linking object as if no debug info
GLLibrary.lib(pngrtran.obj) : warning LNK4099: PDB 'glpng.pdb' was not found with 'GLLibrary.lib(pngrtran.obj)' or at 'C:\Users\OC\Desktop\20180301~0325\GameProject\Hiroshima\Sample\Debug\glpng.pdb'; linking object as if no debug info
GLLibrary.lib(png.obj) : warning LNK4099: PDB 'glpng.pdb' was not found with 'GLLibrary.lib(png.obj)' or at 'C:\Users\OC\Desktop\20180301~0325\GameProject\Hiroshima\Sample\Debug\glpng.pdb'; linking object as if no debug info
GLLibrary.lib(pngread.obj) : warning LNK4099: PDB 'glpng.pdb' was not found with 'GLLibrary.lib(pngread.obj)' or at 'C:\Users\OC\Desktop\20180301~0325\GameProject\Hiroshima\Sample\Debug\glpng.pdb'; linking object as if no debug info
GLLibrary.lib(pngget.obj) : warning LNK4099: PDB 'glpng.pdb' was not found with 'GLLibrary.lib(pngget.obj)' or at 'C:\Users\OC\Desktop\20180301~0325\GameProject\Hiroshima\Sample\Debug\glpng.pdb'; linking object as if no debug info
GLLibrary.lib(pngmem.obj) : warning LNK4099: PDB 'glpng.pdb' was not found with 'GLLibrary.lib(pngmem.obj)' or at 'C:\Users\OC\Desktop\20180301~0325\GameProject\Hiroshima\Sample\Debug\glpng.pdb'; linking object as if no debug info
GLLibrary.lib(pngtrans.obj) : warning LNK4099: PDB 'glpng.pdb' was not found with 'GLLibrary.lib(pngtrans.obj)' or at 'C:\Users\OC\Desktop\20180301~0325\GameProject\Hiroshima\Sample\Debug\glpng.pdb'; linking object as if no debug info
GLLibrary.lib(pngerror.obj) : warning LNK4099: PDB 'glpng.pdb' was not found with 'GLLibrary.lib(pngerror.obj)' or at 'C:\Users\OC\Desktop\20180301~0325\GameProject\Hiroshima\Sample\Debug\glpng.pdb'; linking object as if no debug info
GLLibrary.lib(crc32.obj) : warning LNK4099: PDB 'glpng.pdb' was not found with 'GLLibrary.lib(crc32.obj)' or at 'C:\Users\OC\Desktop\20180301~0325\GameProject\Hiroshima\Sample\Debug\glpng.pdb'; linking object as if no debug info
GLLibrary.lib(inflate.obj) : warning LNK4099: PDB 'glpng.pdb' was not found with 'GLLibrary.lib(inflate.obj)' or at 'C:\Users\OC\Desktop\20180301~0325\GameProject\Hiroshima\Sample\Debug\glpng.pdb'; linking object as if no debug info
GLLibrary.lib(pngrutil.obj) : warning LNK4099: PDB 'glpng.pdb' was not found with 'GLLibrary.lib(pngrutil.obj)' or at 'C:\Users\OC\Desktop\20180301~0325\GameProject\Hiroshima\Sample\Debug\glpng.pdb'; linking object as if no debug info
GLLibrary.lib(pngrio.obj) : warning LNK4099: PDB 'glpng.pdb' was not found with 'GLLibrary.lib(pngrio.obj)' or at 'C:\Users\OC\Desktop\20180301~0325\GameProject\Hiroshima\Sample\Debug\glpng.pdb'; linking object as if no debug info
GLLibrary.lib(zutil.obj) : warning LNK4099: PDB 'glpng.pdb' was not found with 'GLLibrary.lib(zutil.obj)' or at 'C:\Users\OC\Desktop\20180301~0325\GameProject\Hiroshima\Sample\Debug\glpng.pdb'; linking object as if no debug info
GLLibrary.lib(infblock.obj) : warning LNK4099: PDB 'glpng.pdb' was not found with 'GLLibrary.lib(infblock.obj)' or at 'C:\Users\OC\Desktop\20180301~0325\GameProject\Hiroshima\Sample\Debug\glpng.pdb'; linking object as if no debug info
GLLibrary.lib(adler32.obj) : warning LNK4099: PDB 'glpng.pdb' was not found with 'GLLibrary.lib(adler32.obj)' or at 'C:\Users\OC\Desktop\20180301~0325\GameProject\Hiroshima\Sample\Debug\glpng.pdb'; linking object as if no debug info
GLLibrary.lib(pngset.obj) : warning LNK4099: PDB 'glpng.pdb' was not found with 'GLLibrary.lib(pngset.obj)' or at 'C:\Users\OC\Desktop\20180301~0325\GameProject\Hiroshima\Sample\Debug\glpng.pdb'; linking object as if no debug info
GLLibrary.lib(infutil.obj) : warning LNK4099: PDB 'glpng.pdb' was not found with 'GLLibrary.lib(infutil.obj)' or at 'C:\Users\OC\Desktop\20180301~0325\GameProject\Hiroshima\Sample\Debug\glpng.pdb'; linking object as if no debug info
GLLibrary.lib(inftrees.obj) : warning LNK4099: PDB 'glpng.pdb' was not found with 'GLLibrary.lib(inftrees.obj)' or at 'C:\Users\OC\Desktop\20180301~0325\GameProject\Hiroshima\Sample\Debug\glpng.pdb'; linking object as if no debug info
GLLibrary.lib(infcodes.obj) : warning LNK4099: PDB 'glpng.pdb' was not found with 'GLLibrary.lib(infcodes.obj)' or at 'C:\Users\OC\Desktop\20180301~0325\GameProject\Hiroshima\Sample\Debug\glpng.pdb'; linking object as if no debug info
GLLibrary.lib(inffast.obj) : warning LNK4099: PDB 'glpng.pdb' was not found with 'GLLibrary.lib(inffast.obj)' or at 'C:\Users\OC\Desktop\20180301~0325\GameProject\Hiroshima\Sample\Debug\glpng.pdb'; linking object as if no debug info
freeglut_static.lib(freeglut_init.obj) : warning LNK4099: PDB 'freeglut.pdb' was not found with 'freeglut_static.lib(freeglut_init.obj)' or at 'C:\Users\OC\Desktop\20180301~0325\GameProject\Hiroshima\Sample\Debug\freeglut.pdb'; linking object as if no debug info
freeglut_static.lib(freeglut_input_devices.obj) : warning LNK4099: PDB 'freeglut.pdb' was not found with 'freeglut_static.lib(freeglut_input_devices.obj)' or at 'C:\Users\OC\Desktop\20180301~0325\GameProject\Hiroshima\Sample\Debug\freeglut.pdb'; linking object as if no debug info
freeglut_static.lib(freeglut_main.obj) : warning LNK4099: PDB 'freeglut.pdb' was not found with 'freeglut_static.lib(freeglut_main.obj)' or at 'C:\Users\OC\Desktop\20180301~0325\GameProject\Hiroshima\Sample\Debug\freeglut.pdb'; linking object as if no debug info
freeglut_static.lib(freeglut_structure.obj) : warning LNK4099: PDB 'freeglut.pdb' was not found with 'freeglut_static.lib(freeglut_structure.obj)' or at 'C:\Users\OC\Desktop\20180301~0325\GameProject\Hiroshima\Sample\Debug\freeglut.pdb'; linking object as if no debug info
freeglut_static.lib(freeglut_joystick.obj) : warning LNK4099: PDB 'freeglut.pdb' was not found with 'freeglut_static.lib(freeglut_joystick.obj)' or at 'C:\Users\OC\Desktop\20180301~0325\GameProject\Hiroshima\Sample\Debug\freeglut.pdb'; linking object as if no debug info
freeglut_static.lib(freeglut_gamemode.obj) : warning LNK4099: PDB 'freeglut.pdb' was not found with 'freeglut_static.lib(freeglut_gamemode.obj)' or at 'C:\Users\OC\Desktop\20180301~0325\GameProject\Hiroshima\Sample\Debug\freeglut.pdb'; linking object as if no debug info
freeglut_static.lib(freeglut_window.obj) : warning LNK4099: PDB 'freeglut.pdb' was not found with 'freeglut_static.lib(freeglut_window.obj)' or at 'C:\Users\OC\Desktop\20180301~0325\GameProject\Hiroshima\Sample\Debug\freeglut.pdb'; linking object as if no debug info
freeglut_static.lib(freeglut_callbacks.obj) : warning LNK4099: PDB 'freeglut.pdb' was not found with 'freeglut_static.lib(freeglut_callbacks.obj)' or at 'C:\Users\OC\Desktop\20180301~0325\GameProject\Hiroshima\Sample\Debug\freeglut.pdb'; linking object as if no debug info
freeglut_static.lib(freeglut_cursor.obj) : warning LNK4099: PDB 'freeglut.pdb' was not found with 'freeglut_static.lib(freeglut_cursor.obj)' or at 'C:\Users\OC\Desktop\20180301~0325\GameProject\Hiroshima\Sample\Debug\freeglut.pdb'; linking object as if no debug info
freeglut_static.lib(freeglut_menu.obj) : warning LNK4099: PDB 'freeglut.pdb' was not found with 'freeglut_static.lib(freeglut_menu.obj)' or at 'C:\Users\OC\Desktop\20180301~0325\GameProject\Hiroshima\Sample\Debug\freeglut.pdb'; linking object as if no debug info
freeglut_static.lib(freeglut_state.obj) : warning LNK4099: PDB 'freeglut.pdb' was not found with 'freeglut_static.lib(freeglut_state.obj)' or at 'C:\Users\OC\Desktop\20180301~0325\GameProject\Hiroshima\Sample\Debug\freeglut.pdb'; linking object as if no debug info
freeglut_static.lib(freeglut_spaceball.obj) : warning LNK4099: PDB 'freeglut.pdb' was not found with 'freeglut_static.lib(freeglut_spaceball.obj)' or at 'C:\Users\OC\Desktop\20180301~0325\GameProject\Hiroshima\Sample\Debug\freeglut.pdb'; linking object as if no debug info
freeglut_static.lib(freeglut_font.obj) : warning LNK4099: PDB 'freeglut.pdb' was not found with 'freeglut_static.lib(freeglut_font.obj)' or at 'C:\Users\OC\Desktop\20180301~0325\GameProject\Hiroshima\Sample\Debug\freeglut.pdb'; linking object as if no debug info
freeglut_static.lib(freeglut_display.obj) : warning LNK4099: PDB 'freeglut.pdb' was not found with 'freeglut_static.lib(freeglut_display.obj)' or at 'C:\Users\OC\Desktop\20180301~0325\GameProject\Hiroshima\Sample\Debug\freeglut.pdb'; linking object as if no debug info
freeglut_static.lib(freeglut_font_data.obj) : warning LNK4099: PDB 'freeglut.pdb' was not found with 'freeglut_static.lib(freeglut_font_data.obj)' or at 'C:\Users\OC\Desktop\20180301~0325\GameProject\Hiroshima\Sample\Debug\freeglut.pdb'; linking object as if no debug info
freeglut_static.lib(freeglut_stroke_mono_roman.obj) : warning LNK4099: PDB 'freeglut.pdb' was not found with 'freeglut_static.lib(freeglut_stroke_mono_roman.obj)' or at 'C:\Users\OC\Desktop\20180301~0325\GameProject\Hiroshima\Sample\Debug\freeglut.pdb'; linking object as if no debug info
freeglut_static.lib(freeglut_stroke_roman.obj) : warning LNK4099: PDB 'freeglut.pdb' was not found with 'freeglut_static.lib(freeglut_stroke_roman.obj)' or at 'C:\Users\OC\Desktop\20180301~0325\GameProject\Hiroshima\Sample\Debug\freeglut.pdb'; linking object as if no debug info
glewd.lib(glew.obj) : warning LNK4099: PDB 'glew.pdb' was not found with 'glewd.lib(glew.obj)' or at 'C:\Users\OC\Desktop\20180301~0325\GameProject\Hiroshima\Sample\Debug\glew.pdb'; linking object as if no debug info
  GameProject.vcxproj -> C:\Users\OC\Desktop\20180301~0325\GameProject\Hiroshima\Sample\Debug\GameProject.exe
