c:\users\mitsu_91\desktop\gc1 action\gllibrary\debug\gllibrary.pdb
c:\users\mitsu_91\desktop\gc1 action\gllibrary\debug\gllibrary.idb
c:\users\mitsu_91\desktop\gc1 action\gllibrary\debug\cimage.obj
c:\users\mitsu_91\desktop\gc1 action\gllibrary\debug\cinput.obj
c:\users\mitsu_91\desktop\gc1 action\gllibrary\debug\clight.obj
c:\users\mitsu_91\desktop\gc1 action\gllibrary\debug\cmatrix.obj
c:\users\mitsu_91\desktop\gc1 action\gllibrary\debug\cmodel.obj
c:\users\mitsu_91\desktop\gc1 action\gllibrary\debug\cmodelfield.obj
c:\users\mitsu_91\desktop\gc1 action\gllibrary\debug\cmodelobj.obj
c:\users\mitsu_91\desktop\gc1 action\gllibrary\debug\cmodelsx.obj
c:\users\mitsu_91\desktop\gc1 action\gllibrary\debug\cmodelx.obj
c:\users\mitsu_91\desktop\gc1 action\gllibrary\debug\cnetwork.obj
c:\users\mitsu_91\desktop\gc1 action\gllibrary\debug\cresource.obj
c:\users\mitsu_91\desktop\gc1 action\gllibrary\debug\cshader.obj
c:\users\mitsu_91\desktop\gc1 action\gllibrary\debug\cshadow.obj
c:\users\mitsu_91\desktop\gc1 action\gllibrary\debug\csound.obj
c:\users\mitsu_91\desktop\gc1 action\gllibrary\debug\ctexture.obj
c:\users\mitsu_91\desktop\gc1 action\gllibrary\debug\cvector.obj
c:\users\mitsu_91\desktop\gc1 action\gllibrary\debug\cxloader.obj
c:\users\mitsu_91\desktop\gc1 action\gllibrary\debug\cxmodelloader.obj
c:\users\mitsu_91\desktop\gc1 action\gllibrary\debug\cxsmodelloader.obj
c:\users\mitsu_91\desktop\gc1 action\gllibrary\debug\utility.obj
c:\users\mitsu_91\desktop\gc1 action\gllibrary\debug\canimimage.obj
c:\users\mitsu_91\desktop\gc1 action\gllibrary\debug\ccamera.obj
c:\users\mitsu_91\desktop\gc1 action\gllibrary\debug\ccollision.obj
c:\users\mitsu_91\desktop\gc1 action\gllibrary\debug\cfont.obj
c:\users\mitsu_91\desktop\gc1 action\gllibrary\debug\cfps.obj
c:\users\mitsu_91\desktop\gc1 action\debug\gllibrary.lib
c:\users\mitsu_91\desktop\gc1 action\debug\gllibrary.pdb
c:\users\mitsu_91\desktop\gc1 action\gllibrary\debug\gllibrary.tlog\cl.command.1.tlog
c:\users\mitsu_91\desktop\gc1 action\gllibrary\debug\gllibrary.tlog\cl.read.1.tlog
c:\users\mitsu_91\desktop\gc1 action\gllibrary\debug\gllibrary.tlog\cl.write.1.tlog
c:\users\mitsu_91\desktop\gc1 action\gllibrary\debug\gllibrary.tlog\lib-link.4448.read.1.tlog
c:\users\mitsu_91\desktop\gc1 action\gllibrary\debug\gllibrary.tlog\lib-link.4448.write.1.tlog
c:\users\mitsu_91\desktop\gc1 action\gllibrary\debug\gllibrary.tlog\lib.command.1.tlog
